<?xml version="1.0" encoding="UTF-8" ?>
<testsuites>
  <testsuite errors="3" failures="0" hostname="Briannas-MacBook-Air.local" id="0" name="TestFlightMap" package="CSCI310" skipped="0" tests="3" time="5.225" timestamp="2018-09-17T07:47:09">
      <properties>
[...]
</properties>

      <testcase classname="CSCI310.TestFlightMap" name="initializationError" time="0.001">
          <error message="The class CSCI310.TestFlightMap is not public." type="java.lang.Exception">java.lang.Exception: The class CSCI310.TestFlightMap is not public.
	at java.lang.reflect.Constructor.newInstance(Constructor.java:423)
</error>

          <error message="Test class should have exactly one public constructor" type="java.lang.Exception">java.lang.Exception: Test class should have exactly one public constructor
	at java.lang.reflect.Constructor.newInstance(Constructor.java:423)
</error>

          <error message="No runnable methods" type="java.lang.Exception">java.lang.Exception: No runnable methods
	at java.lang.reflect.Constructor.newInstance(Constructor.java:423)
</error>

      </testcase>

      <system-out><![CDATA[]]></system-out>

      <system-err><![CDATA[]]></system-err>

  </testsuite>
</testsuites>
